[0.013s] Invoking command in '/home/denmann99/ros2_workspace/build/ebamk2_description': CONDA_PROMPT_MODIFIER=(base) _=/usr/bin/env /home/denmann99/.local/bin/cmake /home/denmann99/ros2_workspace/ebamk2_description -DCATKIN_INSTALL_INTO_PREFIX_ROOT=0 -DCMAKE_INSTALL_PREFIX=/home/denmann99/ros2_workspace/install/ebamk2_description
[0.048s] [0mCMake Deprecation Warning at CMakeLists.txt:1 (cmake_minimum_required):
[0.048s]   Compatibility with CMake < 2.8.12 will be removed from a future version of
[0.048s]   CMake.
[0.048s] 
[0.048s]   Update the VERSION argument <min> value or use a ...<max> suffix to tell
[0.049s]   CMake that the project does not need compatibility with older versions.
[0.049s] 
[0.049s] [0m
[0.135s] -- The C compiler identification is GNU 11.2.0
[0.212s] -- The CXX compiler identification is GNU 11.2.0
[0.224s] -- Detecting C compiler ABI info
[0.261s] -- Detecting C compiler ABI info - done
[0.269s] -- Check for working C compiler: /usr/bin/cc - skipped
[0.269s] -- Detecting C compile features
[0.270s] -- Detecting C compile features - done
[0.274s] -- Detecting CXX compiler ABI info
[0.315s] -- Detecting CXX compiler ABI info - done
[0.327s] -- Check for working CXX compiler: /usr/bin/c++ - skipped
[0.327s] -- Detecting CXX compile features
[0.327s] -- Detecting CXX compile features - done
[0.339s] [31mCMake Error at CMakeLists.txt:10 (find_package):
[0.340s]   By not providing "Findcatkin.cmake" in CMAKE_MODULE_PATH this project has
[0.340s]   asked CMake to find a package configuration file provided by "catkin", but
[0.340s]   CMake did not find one.
[0.340s] 
[0.340s]   Could not find a package configuration file provided by "catkin" with any
[0.340s]   of the following names:
[0.340s] 
[0.340s]     catkinConfig.cmake
[0.340s]     catkin-config.cmake
[0.340s] 
[0.340s]   Add the installation prefix of "catkin" to CMAKE_PREFIX_PATH or set
[0.340s]   "catkin_DIR" to a directory containing one of the above files.  If "catkin"
[0.340s]   provides a separate development package or SDK, be sure it has been
[0.340s]   installed.
[0.340s] 
[0.340s] [0m
[0.340s] -- Configuring incomplete, errors occurred!
[0.340s] See also "/home/denmann99/ros2_workspace/build/ebamk2_description/CMakeFiles/CMakeOutput.log".
[0.344s] Invoked command in '/home/denmann99/ros2_workspace/build/ebamk2_description' returned '1': CONDA_PROMPT_MODIFIER=(base) _=/usr/bin/env /home/denmann99/.local/bin/cmake /home/denmann99/ros2_workspace/ebamk2_description -DCATKIN_INSTALL_INTO_PREFIX_ROOT=0 -DCMAKE_INSTALL_PREFIX=/home/denmann99/ros2_workspace/install/ebamk2_description
