[0.010s] Invoking command in '/home/denmann99/ros2_workspace/build/gazebo_ros2_control': CMAKE_PREFIX_PATH=/opt/ros/humble CONDA_PROMPT_MODIFIER=(base) _=/usr/bin/env /home/denmann99/.local/bin/cmake --build /home/denmann99/ros2_workspace/build/gazebo_ros2_control -- -j12 -l12
[0.056s] Invoked command in '/home/denmann99/ros2_workspace/build/gazebo_ros2_control' returned '0': CMAKE_PREFIX_PATH=/opt/ros/humble CONDA_PROMPT_MODIFIER=(base) _=/usr/bin/env /home/denmann99/.local/bin/cmake --build /home/denmann99/ros2_workspace/build/gazebo_ros2_control -- -j12 -l12
[0.107s] Invoking command in '/home/denmann99/ros2_workspace/build/gazebo_ros2_control': CMAKE_PREFIX_PATH=/opt/ros/humble CONDA_PROMPT_MODIFIER=(base) _=/usr/bin/env /home/denmann99/.local/bin/cmake --install /home/denmann99/ros2_workspace/build/gazebo_ros2_control
[0.126s] -- Install configuration: ""
[0.126s] -- Up-to-date: /home/denmann99/ros2_workspace/install/gazebo_ros2_control/share/ament_index/resource_index/package_run_dependencies/gazebo_ros2_control
[0.126s] -- Up-to-date: /home/denmann99/ros2_workspace/install/gazebo_ros2_control/share/ament_index/resource_index/parent_prefix_path/gazebo_ros2_control
[0.126s] -- Up-to-date: /home/denmann99/ros2_workspace/install/gazebo_ros2_control/share/gazebo_ros2_control/environment/ament_prefix_path.sh
[0.126s] -- Up-to-date: /home/denmann99/ros2_workspace/install/gazebo_ros2_control/share/gazebo_ros2_control/environment/ament_prefix_path.dsv
[0.126s] -- Up-to-date: /home/denmann99/ros2_workspace/install/gazebo_ros2_control/share/gazebo_ros2_control/environment/path.sh
[0.126s] -- Up-to-date: /home/denmann99/ros2_workspace/install/gazebo_ros2_control/share/gazebo_ros2_control/environment/path.dsv
[0.126s] -- Up-to-date: /home/denmann99/ros2_workspace/install/gazebo_ros2_control/share/gazebo_ros2_control/local_setup.bash
[0.126s] -- Up-to-date: /home/denmann99/ros2_workspace/install/gazebo_ros2_control/share/gazebo_ros2_control/local_setup.sh
[0.126s] -- Up-to-date: /home/denmann99/ros2_workspace/install/gazebo_ros2_control/share/gazebo_ros2_control/local_setup.zsh
[0.126s] -- Up-to-date: /home/denmann99/ros2_workspace/install/gazebo_ros2_control/share/gazebo_ros2_control/local_setup.dsv
[0.126s] -- Up-to-date: /home/denmann99/ros2_workspace/install/gazebo_ros2_control/share/gazebo_ros2_control/package.dsv
[0.126s] -- Up-to-date: /home/denmann99/ros2_workspace/install/gazebo_ros2_control/share/ament_index/resource_index/packages/gazebo_ros2_control
[0.126s] -- Up-to-date: /home/denmann99/ros2_workspace/install/gazebo_ros2_control/share/gazebo_ros2_control/cmake/gazebo_ros2_controlConfig.cmake
[0.126s] -- Up-to-date: /home/denmann99/ros2_workspace/install/gazebo_ros2_control/share/gazebo_ros2_control/cmake/gazebo_ros2_controlConfig-version.cmake
[0.127s] -- Up-to-date: /home/denmann99/ros2_workspace/install/gazebo_ros2_control/share/gazebo_ros2_control/package.xml
[0.130s] Invoked command in '/home/denmann99/ros2_workspace/build/gazebo_ros2_control' returned '0': CMAKE_PREFIX_PATH=/opt/ros/humble CONDA_PROMPT_MODIFIER=(base) _=/usr/bin/env /home/denmann99/.local/bin/cmake --install /home/denmann99/ros2_workspace/build/gazebo_ros2_control
